{"timestamp": "2026-06-16 09:55:39", "event_type": "created", "file_path": "./watched_folder/test.txt", "cpu_percent": 4.0, "ram_percent": 28.2, "process_count": 353, "alert_level": "LOW"}
{"timestamp": "2026-06-16 09:55:46", "event_type": "modified", "file_path": "./watched_folder/test.txt", "cpu_percent": 15.1, "ram_percent": 28.3, "process_count": 353, "alert_level": "LOW"}
{"timestamp": "2026-06-16 09:55:50", "event_type": "renamed", "file_path": "./watched_folder/test.txt", "cpu_percent": 4.9, "ram_percent": 28.3, "process_count": 353, "alert_level": "LOW", "dest_path": "./watched_folder/nouveau.txt"}
{"timestamp": "2026-06-16 09:55:54", "event_type": "deleted", "file_path": "./watched_folder/nouveau.txt", "cpu_percent": 3.9, "ram_percent": 28.4, "process_count": 354, "alert_level": "LOW"}
{"timestamp": "2026-06-16 09:57:48", "event_type": "created", "file_path": "./watched_folder/test.txt", "cpu_percent": 10.2, "ram_percent": 28.1, "process_count": 359, "alert_level": "LOW"}
{"timestamp": "2026-06-16 09:57:51", "event_type": "modified", "file_path": "./watched_folder/test.txt", "cpu_percent": 10.1, "ram_percent": 28.1, "process_count": 359, "alert_level": "LOW"}
{"timestamp": "2026-06-16 09:57:54", "event_type": "renamed", "file_path": "./watched_folder/test.txt", "cpu_percent": 10.9, "ram_percent": 28.1, "process_count": 356, "alert_level": "LOW", "dest_path": "./watched_folder/nouveau.txt"}
{"timestamp": "2026-06-16 09:57:56", "event_type": "deleted", "file_path": "./watched_folder/nouveau.txt", "cpu_percent": 11.1, "ram_percent": 28.1, "process_count": 356, "alert_level": "LOW"}
{"timestamp": "2026-06-16 10:11:41", "event_type": "created", "file_path": "./watched_folder/test.txt", "cpu_percent": 10.4, "ram_percent": 29.3, "process_count": 394, "alert_level": "LOW"}
{"timestamp": "2026-06-16 10:11:46", "event_type": "modified", "file_path": "./watched_folder/test.txt", "cpu_percent": 10.6, "ram_percent": 29.3, "process_count": 391, "alert_level": "LOW"}
{"timestamp": "2026-06-16 10:11:51", "event_type": "renamed", "file_path": "./watched_folder/test.txt", "cpu_percent": 10.9, "ram_percent": 29.4, "process_count": 391, "alert_level": "LOW", "dest_path": "./watched_folder/nouveau.txt"}
{"timestamp": "2026-06-16 10:11:55", "event_type": "deleted", "file_path": "./watched_folder/nouveau.txt", "cpu_percent": 10.1, "ram_percent": 29.4, "process_count": 391, "alert_level": "LOW"}
{"timestamp": "2026-06-16 10:31:59", "event_type": "created", "file_path": "./watched_folder/test.txt", "cpu_percent": 10.4, "ram_percent": 28.7, "process_count": 361, "alert_level": "LOW"}
{"timestamp": "2026-06-16 10:32:02", "event_type": "modified", "file_path": "./watched_folder/test.txt", "cpu_percent": 10.2, "ram_percent": 28.9, "process_count": 361, "alert_level": "LOW"}
{"timestamp": "2026-06-16 10:32:04", "event_type": "renamed", "file_path": "./watched_folder/test.txt", "cpu_percent": 9.8, "ram_percent": 28.9, "process_count": 361, "alert_level": "LOW", "dest_path": "./watched_folder/nouveau.txt"}
{"timestamp": "2026-06-16 10:32:07", "event_type": "deleted", "file_path": "./watched_folder/nouveau.txt", "cpu_percent": 10.1, "ram_percent": 28.9, "process_count": 361, "alert_level": "LOW"}
{"timestamp": "2026-06-18 10:32:17", "event_type": "created", "file_path": "./watched_folder/med.txt", "dest_path": null, "cpu_percent": 7.6, "ram_percent": 34.0, "alert_level": "LOW"}
{"timestamp": "2026-06-18 10:32:34", "event_type": "modified", "file_path": "./watched_folder/med.txt", "dest_path": null, "cpu_percent": 12.7, "ram_percent": 33.5, "alert_level": "LOW"}
{"timestamp": "2026-06-18 10:32:48", "event_type": "renamed", "file_path": "./watched_folder/med.txt", "dest_path": "./watched_folder/chhhh.txt", "cpu_percent": 11.2, "ram_percent": 33.4, "alert_level": "LOW"}
{"timestamp": "2026-06-18 10:34:05", "event_type": "deleted", "file_path": "./watched_folder/chhhh.txt", "dest_path": null, "cpu_percent": 7.6, "ram_percent": 33.3, "alert_level": "LOW"}
